<?xml version="1.0" encoding="UTF-8"?>
<!-- Generated by org.testng.reporters.JUnitReportReporter -->
<testsuite hostname="Kristal" name="demo.test.OnlinerBuy" tests="1" failures="0" timestamp="11 Aug 2014 15:11:54 GMT" time="47.656" errors="0">
  <testcase name="xTest" time="47.656" classname="demo.test.OnlinerBuy"/>
</testsuite> <!-- demo.test.OnlinerBuy -->
