<?xml version="1.0" encoding="UTF-8"?>
<!-- Generated by org.testng.reporters.JUnitReportReporter -->
<testsuite hostname="Kristal" name="demo.test.MinskShop" tests="1" failures="0" timestamp="11 Aug 2014 15:11:54 GMT" time="15.640" errors="0">
  <testcase name="xTest" time="15.640" classname="demo.test.MinskShop"/>
</testsuite> <!-- demo.test.MinskShop -->
